<?xml version="1.0" encoding="UTF-8"?>
<testsuite name="org.hyperskill.tests.stopwatch.Stage3UnitTest" tests="6" skipped="0" failures="0" errors="0" timestamp="2023-09-05T14:04:53" hostname="IKOKSHP" time="0.525">
  <properties/>
  <testcase name="checkProgressBarInvisibilityOnReset" classname="org.hyperskill.tests.stopwatch.Stage3UnitTest" time="0.099"/>
  <testcase name="checkProgressBarInvisibilityOnInit" classname="org.hyperskill.tests.stopwatch.Stage3UnitTest" time="0.076"/>
  <testcase name="checkProgressBarVisibilityOnStart" classname="org.hyperskill.tests.stopwatch.Stage3UnitTest" time="0.086"/>
  <testcase name="checkMultipleClicks" classname="org.hyperskill.tests.stopwatch.Stage3UnitTest" time="0.083"/>
  <testcase name="checkProgressBarExists" classname="org.hyperskill.tests.stopwatch.Stage3UnitTest" time="0.07"/>
  <testcase name="checkProgressBarColorEachSecond" classname="org.hyperskill.tests.stopwatch.Stage3UnitTest" time="0.11"/>
  <system-out><![CDATA[]]></system-out>
  <system-err><![CDATA[]]></system-err>
</testsuite>
